{"type":"server-started","port":54320,"host":"127.0.0.1","url_host":"localhost","url":"http://localhost:54320","screen_dir":"/Users/rayloi/Documents/GitHub/armortools/.superpowers/brainstorm/45970-1775964150/content","state_dir":"/Users/rayloi/Documents/GitHub/armortools/.superpowers/brainstorm/45970-1775964150/state"}
{"type":"screen-added","file":"/Users/rayloi/Documents/GitHub/armortools/.superpowers/brainstorm/45970-1775964150/content/pipeline-diagram.html"}
{"source":"user-event","type":"click","text":"Pass 2: Lighting\n    \n      輸入：gbuffer0 + gbuffer1 + main(depth)\n      輸出：buf (lit color)\n      Shader: deferred_light.kong\n      單一 directional light + constant ambient","choice":"pass2","id":null,"timestamp":1775964332081}
{"source":"user-event","type":"click","text":"Pass 1: Geometry\n    \n      輸出：G-Buffer\n      \n        gbuffer0: Normal(oct) + Roughness + Metallic\n        gbuffer1: Albedo.rgb + AO\n        main: Depth (D32)\n      \n      Shader: world_gbuffer.kong (MRT)","choice":"pass1","id":null,"timestamp":1775964333219}
{"source":"user-event","type":"click","text":"1\n      \n        Phase 1: G-Buffer + Deferred Lighting\n        G-buffer geometry pass + 單一 directional light lighting pass。輸出 lit 3D 場景到 buf。","choice":"phase1","id":null,"timestamp":1775964364151}
{"source":"user-event","type":"click","text":"2\n      \n        Phase 2: PBR Materials + Multi-Light\n        新增 comp_material 組件、texture sampling、multi-light 支援（point/spot）","choice":"phase2","id":null,"timestamp":1775964365349}
{"source":"user-event","type":"click","text":"3\n      \n        Phase 3: Post-Processing\n        SSAO → Bloom → TAA → Compositor (vignette + tonemapping)","choice":"phase3","id":null,"timestamp":1775964366355}
{"source":"user-event","type":"click","text":"3\n      \n        Phase 3: Post-Processing\n        SSAO → Bloom → TAA → Compositor (vignette + tonemapping)","choice":"phase3","id":null,"timestamp":1775964368560}
{"source":"user-event","type":"click","text":"2\n      \n        Phase 2: PBR Materials + Multi-Light\n        新增 comp_material 組件、texture sampling、multi-light 支援（point/spot）","choice":"phase2","id":null,"timestamp":1775964368965}
{"source":"user-event","type":"click","text":"1\n      \n        Phase 1: G-Buffer + Deferred Lighting\n        G-buffer geometry pass + 單一 directional light lighting pass。輸出 lit 3D 場景到 buf。","choice":"phase1","id":null,"timestamp":1775964369235}
{"type":"screen-added","file":"/Users/rayloi/Documents/GitHub/armortools/.superpowers/brainstorm/45970-1775964150/content/shadow-diagram.html"}
{"type":"screen-added","file":"/Users/rayloi/Documents/GitHub/armortools/.superpowers/brainstorm/45970-1775964150/content/shadow-methods.html"}
{"source":"user-event","type":"click","text":"A\n    \n      CSM (Cascaded Shadow Maps)\n      經典方案：多層 shadow map 覆蓋近/中/遠距離\n      \n        3-4 層 cascade，覆盖 camera frustum 分段\n        近處高解析度、遠處低解析度\n        需要選擇 cascade 的 fragment 使用哪層\n      \n      成熟穩定、相容性最好","choice":"csm","id":null,"timestamp":1775964809931}
{"source":"user-event","type":"click","text":"B\n    \n      VSM (Variance Shadow Maps)\n      統計方法：每層記錄 (depth, depth²)，查詢時用 Chebyshev 估計陰影比例\n      \n        單層可覆蓋全距離（需 2048×2048+）\n        支援 PCF 模糊、Biased Mipmapping\n        Light-bleeding 問題可用 Bretesta 修正\n      \n      軟陰影、暈開 shadow edge","choice":"vsm","id":null,"timestamp":1775964821596}
{"source":"user-event","type":"click","text":"B\n    \n      VSM (Variance Shadow Maps)\n      統計方法：每層記錄 (depth, depth²)，查詢時用 Chebyshev 估計陰影比例\n      \n        單層可覆蓋全距離（需 2048×2048+）\n        支援 PCF 模糊、Biased Mipmapping\n        Light-bleeding 問題可用 Bretesta 修正\n      \n      軟陰影、暈開 shadow edge","choice":"vsm","id":null,"timestamp":1775964822849}
{"source":"user-event","type":"click","text":"B\n    \n      VSM (Variance Shadow Maps)\n      統計方法：每層記錄 (depth, depth²)，查詢時用 Chebyshev 估計陰影比例\n      \n        單層可覆蓋全距離（需 2048×2048+）\n        支援 PCF 模糊、Biased Mipmapping\n        Light-bleeding 問題可用 Bretesta 修正\n      \n      軟陰影、暈開 shadow edge","choice":"vsm","id":null,"timestamp":1775964823218}
{"source":"user-event","type":"click","text":"B\n    \n      VSM (Variance Shadow Maps)\n      統計方法：每層記錄 (depth, depth²)，查詢時用 Chebyshev 估計陰影比例\n      \n        單層可覆蓋全距離（需 2048×2048+）\n        支援 PCF 模糊、Biased Mipmapping\n        Light-bleeding 問題可用 Bretesta 修正\n      \n      軟陰影、暈開 shadow edge","choice":"vsm","id":null,"timestamp":1775964824860}
{"source":"user-event","type":"click","text":"A\n    \n      CSM (Cascaded Shadow Maps)\n      經典方案：多層 shadow map 覆蓋近/中/遠距離\n      \n        3-4 層 cascade，覆盖 camera frustum 分段\n        近處高解析度、遠處低解析度\n        需要選擇 cascade 的 fragment 使用哪層\n      \n      成熟穩定、相容性最好","choice":"csm","id":null,"timestamp":1775964838149}
{"source":"user-event","type":"click","text":"A\n    \n      CSM (Cascaded Shadow Maps)\n      經典方案：多層 shadow map 覆蓋近/中/遠距離\n      \n        3-4 層 cascade，覆盖 camera frustum 分段\n        近處高解析度、遠處低解析度\n        需要選擇 cascade 的 fragment 使用哪層\n      \n      成熟穩定、相容性最好","choice":"csm","id":null,"timestamp":1775964840047}
{"type":"screen-added","file":"/Users/rayloi/Documents/GitHub/armortools/.superpowers/brainstorm/45970-1775964150/content/csm-design.html"}
{"source":"user-event","type":"click","text":"Pass 1: G-Buffer\n      \n        MRT: gbuffer0 + gbuffer1 + depth\n        + lightSpacePos_0/1/2 varying","choice":"pass1","id":null,"timestamp":1775965063770}
{"source":"user-event","type":"click","text":"Pass 0: Shadow\n      \n        ×3 Cascade\n        \n          shadow_0 2048²\n          shadow_1 1024²\n          shadow_2 512²","choice":"pass0","id":null,"timestamp":1775965064489}
{"source":"user-event","type":"click","text":"Pass 1: G-Buffer\n      \n        MRT: gbuffer0 + gbuffer1 + depth\n        + lightSpacePos_0/1/2 varying","choice":"pass1","id":null,"timestamp":1775965066412}
{"source":"user-event","type":"click","text":"Pass 2: Lighting\n      \n        選擇 cascade + 4-tap PCF\n        邊界 smooth blend","choice":"pass2","id":null,"timestamp":1775965066746}
{"source":"user-event","type":"click","text":"Pass 3: Post-FX\n      \n        SSAO → Bloom → TAA","choice":"pass3","id":null,"timestamp":1775965068920}
{"source":"user-event","type":"click","text":"Pass 4: 2D\n      \n        render2d_bridge\n        sprite overlay","choice":"pass4","id":null,"timestamp":1775965069245}
{"source":"user-event","type":"click","text":"Pass 1: G-Buffer\n      \n        MRT: gbuffer0 + gbuffer1 + depth\n        + lightSpacePos_0/1/2 varying","choice":"pass1","id":null,"timestamp":1775965071703}
{"source":"user-event","type":"click","text":"Pass 2: Lighting\n      \n        選擇 cascade + 4-tap PCF\n        邊界 smooth blend","choice":"pass2","id":null,"timestamp":1775965071969}
{"type":"screen-added","file":"/Users/rayloi/Documents/GitHub/armortools/.superpowers/brainstorm/45970-1775964150/content/culling-methods.html"}
{"type":"screen-added","file":"/Users/rayloi/Documents/GitHub/armortools/.superpowers/brainstorm/45970-1775964150/content/unity-culling-design.html"}
{"type":"screen-added","file":"/Users/rayloi/Documents/GitHub/armortools/.superpowers/brainstorm/45970-1775964150/content/lighting-design.html"}
{"type":"screen-added","file":"/Users/rayloi/Documents/GitHub/armortools/.superpowers/brainstorm/45970-1775964150/content/arch-overview.html"}
{"type":"screen-added","file":"/Users/rayloi/Documents/GitHub/armortools/.superpowers/brainstorm/45970-1775964150/content/optimizations.html"}
{"type":"screen-added","file":"/Users/rayloi/Documents/GitHub/armortools/.superpowers/brainstorm/45970-1775964150/content/final-plan.html"}
